{"/Users/mohammadfaazilzia/Desktop/Sentra AI/backend/src/services/cache.service.ts": {"path":"/Users/mohammadfaazilzia/Desktop/Sentra AI/backend/src/services/cache.service.ts","statementMap":{"0":{"start":{"line":1,"column":0},"end":{"line":1,"column":30}},"1":{"start":{"line":2,"column":0},"end":{"line":2,"column":37}},"2":{"start":{"line":4,"column":18},"end":{"line":4,"column":67}},"3":{"start":{"line":8,"column":19},"end":{"line":8,"column":36}},"4":{"start":{"line":11,"column":4},"end":{"line":14,"column":7}},"5":{"start":{"line":13,"column":32},"end":{"line":13,"column":58}},"6":{"start":{"line":16,"column":4},"end":{"line":18,"column":7}},"7":{"start":{"line":17,"column":6},"end":{"line":17,"column":45}},"8":{"start":{"line":22,"column":4},"end":{"line":29,"column":5}},"9":{"start":{"line":23,"column":21},"end":{"line":23,"column":46}},"10":{"start":{"line":24,"column":6},"end":{"line":26,"column":7}},"11":{"start":{"line":25,"column":8},"end":{"line":25,"column":34}},"12":{"start":{"line":28,"column":6},"end":{"line":28,"column":61}},"13":{"start":{"line":31,"column":22},"end":{"line":31,"column":37}},"14":{"start":{"line":33,"column":4},"end":{"line":37,"column":5}},"15":{"start":{"line":34,"column":6},"end":{"line":34,"column":70}},"16":{"start":{"line":36,"column":6},"end":{"line":36,"column":62}},"17":{"start":{"line":39,"column":4},"end":{"line":39,"column":21}},"18":{"start":{"line":43,"column":4},"end":{"line":47,"column":5}},"19":{"start":{"line":44,"column":6},"end":{"line":44,"column":32}},"20":{"start":{"line":46,"column":6},"end":{"line":46,"column":69}},"21":{"start":{"line":51,"column":13},"end":{"line":51,"column":47}}},"fnMap":{"0":{"name":"(anonymous_1)","decl":{"start":{"line":10,"column":2},"end":{"line":10,"column":null}},"loc":{"start":{"line":10,"column":2},"end":{"line":19,"column":3}}},"1":{"name":"(anonymous_2)","decl":{"start":{"line":13,"column":21},"end":{"line":13,"column":22}},"loc":{"start":{"line":13,"column":32},"end":{"line":13,"column":58}}},"2":{"name":"(anonymous_3)","decl":{"start":{"line":16,"column":27},"end":{"line":16,"column":28}},"loc":{"start":{"line":16,"column":35},"end":{"line":18,"column":5}}},"3":{"name":"(anonymous_4)","decl":{"start":{"line":21,"column":2},"end":{"line":21,"column":7}},"loc":{"start":{"line":21,"column":82},"end":{"line":40,"column":3}}},"4":{"name":"(anonymous_5)","decl":{"start":{"line":42,"column":2},"end":{"line":42,"column":7}},"loc":{"start":{"line":42,"column":30},"end":{"line":48,"column":3}}}},"branchMap":{"0":{"loc":{"start":{"line":4,"column":18},"end":{"line":4,"column":67}},"type":"binary-expr","locations":[{"start":{"line":4,"column":18},"end":{"line":4,"column":39}},{"start":{"line":4,"column":43},"end":{"line":4,"column":67}}]},"1":{"loc":{"start":{"line":21,"column":60},"end":{"line":21,"column":82}},"type":"default-arg","locations":[{"start":{"line":21,"column":66},"end":{"line":21,"column":82}}]},"2":{"loc":{"start":{"line":24,"column":6},"end":{"line":26,"column":7}},"type":"if","locations":[{"start":{"line":24,"column":6},"end":{"line":26,"column":7}},{"start":{},"end":{}}]}},"s":{"0":1,"1":1,"2":1,"3":1,"4":1,"5":0,"6":1,"7":0,"8":0,"9":0,"10":0,"11":0,"12":0,"13":0,"14":0,"15":0,"16":0,"17":0,"18":0,"19":0,"20":0,"21":1},"f":{"0":1,"1":0,"2":0,"3":0,"4":0},"b":{"0":[1,1],"1":[0],"2":[0,0]}}
,"/Users/mohammadfaazilzia/Desktop/Sentra AI/backend/src/services/decisionEngine.ts": {"path":"/Users/mohammadfaazilzia/Desktop/Sentra AI/backend/src/services/decisionEngine.ts","statementMap":{"0":{"start":{"line":1,"column":0},"end":{"line":1,"column":44}},"1":{"start":{"line":2,"column":0},"end":{"line":2,"column":48}},"2":{"start":{"line":3,"column":0},"end":{"line":3,"column":43}},"3":{"start":{"line":19,"column":49},"end":{"line":28,"column":2}},"4":{"start":{"line":30,"column":43},"end":{"line":39,"column":2}},"5":{"start":{"line":41,"column":28},"end":{"line":132,"column":1}},"6":{"start":{"line":42,"column":26},"end":{"line":42,"column":46}},"7":{"start":{"line":43,"column":20},"end":{"line":43,"column":37}},"8":{"start":{"line":46,"column":23},"end":{"line":46,"column":74}},"9":{"start":{"line":48,"column":38},"end":{"line":48,"column":82}},"10":{"start":{"line":49,"column":45},"end":{"line":49,"column":50}},"11":{"start":{"line":50,"column":15},"end":{"line":50,"column":127}},"12":{"start":{"line":53,"column":2},"end":{"line":72,"column":3}},"13":{"start":{"line":54,"column":20},"end":{"line":54,"column":37}},"14":{"start":{"line":55,"column":21},"end":{"line":55,"column":40}},"15":{"start":{"line":56,"column":4},"end":{"line":56,"column":136}},"16":{"start":{"line":58,"column":4},"end":{"line":71,"column":6}},"17":{"start":{"line":75,"column":21},"end":{"line":75,"column":51}},"18":{"start":{"line":76,"column":2},"end":{"line":76,"column":31}},"19":{"start":{"line":79,"column":26},"end":{"line":79,"column":31}},"20":{"start":{"line":80,"column":2},"end":{"line":84,"column":3}},"21":{"start":{"line":81,"column":4},"end":{"line":81,"column":23}},"22":{"start":{"line":82,"column":4},"end":{"line":82,"column":29}},"23":{"start":{"line":83,"column":4},"end":{"line":83,"column":60}},"24":{"start":{"line":87,"column":2},"end":{"line":90,"column":3}},"25":{"start":{"line":88,"column":4},"end":{"line":88,"column":23}},"26":{"start":{"line":89,"column":4},"end":{"line":89,"column":62}},"27":{"start":{"line":92,"column":18},"end":{"line":92,"column":35}},"28":{"start":{"line":93,"column":19},"end":{"line":93,"column":38}},"29":{"start":{"line":94,"column":2},"end":{"line":94,"column":141}},"30":{"start":{"line":96,"column":18},"end":{"line":96,"column":122}},"31":{"start":{"line":97,"column":22},"end":{"line":97,"column":122}},"32":{"start":{"line":103,"column":19},"end":{"line":103,"column":23}},"33":{"start":{"line":104,"column":2},"end":{"line":104,"column":53}},"34":{"start":{"line":104,"column":34},"end":{"line":104,"column":53}},"35":{"start":{"line":105,"column":2},"end":{"line":105,"column":71}},"36":{"start":{"line":105,"column":52},"end":{"line":105,"column":71}},"37":{"start":{"line":106,"column":2},"end":{"line":106,"column":57}},"38":{"start":{"line":106,"column":38},"end":{"line":106,"column":57}},"39":{"start":{"line":108,"column":2},"end":{"line":108,"column":42}},"40":{"start":{"line":111,"column":22},"end":{"line":113,"column":114}},"41":{"start":{"line":115,"column":19},"end":{"line":119,"column":4}},"42":{"start":{"line":121,"column":2},"end":{"line":131,"column":4}},"43":{"start":{"line":41,"column":13},"end":{"line":41,"column":28}}},"fnMap":{"0":{"name":"(anonymous_0)","decl":{"start":{"line":41,"column":28},"end":{"line":41,"column":33}},"loc":{"start":{"line":41,"column":131},"end":{"line":132,"column":1}}}},"branchMap":{"0":{"loc":{"start":{"line":41,"column":90},"end":{"line":41,"column":108}},"type":"default-arg","locations":[{"start":{"line":41,"column":106},"end":{"line":41,"column":108}}]},"1":{"loc":{"start":{"line":48,"column":38},"end":{"line":48,"column":82}},"type":"cond-expr","locations":[{"start":{"line":48,"column":61},"end":{"line":48,"column":70}},{"start":{"line":48,"column":73},"end":{"line":48,"column":82}}]},"2":{"loc":{"start":{"line":50,"column":15},"end":{"line":50,"column":127}},"type":"binary-expr","locations":[{"start":{"line":50,"column":15},"end":{"line":50,"column":34}},{"start":{"line":50,"column":39},"end":{"line":50,"column":126}}]},"3":{"loc":{"start":{"line":50,"column":39},"end":{"line":50,"column":126}},"type":"cond-expr","locations":[{"start":{"line":50,"column":62},"end":{"line":50,"column":91}},{"start":{"line":50,"column":94},"end":{"line":50,"column":126}}]},"4":{"loc":{"start":{"line":53,"column":2},"end":{"line":72,"column":3}},"type":"if","locations":[{"start":{"line":53,"column":2},"end":{"line":72,"column":3}},{"start":{},"end":{}}]},"5":{"loc":{"start":{"line":62,"column":15},"end":{"line":62,"column":119}},"type":"binary-expr","locations":[{"start":{"line":62,"column":15},"end":{"line":62,"column":42}},{"start":{"line":62,"column":46},"end":{"line":62,"column":73}},{"start":{"line":62,"column":77},"end":{"line":62,"column":119}}]},"6":{"loc":{"start":{"line":63,"column":19},"end":{"line":63,"column":119}},"type":"binary-expr","locations":[{"start":{"line":63,"column":19},"end":{"line":63,"column":50}},{"start":{"line":63,"column":54},"end":{"line":63,"column":85}},{"start":{"line":63,"column":89},"end":{"line":63,"column":119}}]},"7":{"loc":{"start":{"line":64,"column":28},"end":{"line":64,"column":130}},"type":"binary-expr","locations":[{"start":{"line":64,"column":28},"end":{"line":64,"column":60}},{"start":{"line":64,"column":64},"end":{"line":64,"column":130}}]},"8":{"loc":{"start":{"line":80,"column":2},"end":{"line":84,"column":3}},"type":"if","locations":[{"start":{"line":80,"column":2},"end":{"line":84,"column":3}},{"start":{},"end":{}}]},"9":{"loc":{"start":{"line":80,"column":6},"end":{"line":80,"column":50}},"type":"binary-expr","locations":[{"start":{"line":80,"column":6},"end":{"line":80,"column":26}},{"start":{"line":80,"column":30},"end":{"line":80,"column":50}}]},"10":{"loc":{"start":{"line":87,"column":2},"end":{"line":90,"column":3}},"type":"if","locations":[{"start":{"line":87,"column":2},"end":{"line":90,"column":3}},{"start":{},"end":{}}]},"11":{"loc":{"start":{"line":87,"column":6},"end":{"line":87,"column":81}},"type":"binary-expr","locations":[{"start":{"line":87,"column":6},"end":{"line":87,"column":26}},{"start":{"line":87,"column":30},"end":{"line":87,"column":50}},{"start":{"line":87,"column":54},"end":{"line":87,"column":81}}]},"12":{"loc":{"start":{"line":96,"column":18},"end":{"line":96,"column":122}},"type":"binary-expr","locations":[{"start":{"line":96,"column":18},"end":{"line":96,"column":45}},{"start":{"line":96,"column":49},"end":{"line":96,"column":76}},{"start":{"line":96,"column":80},"end":{"line":96,"column":122}}]},"13":{"loc":{"start":{"line":97,"column":22},"end":{"line":97,"column":122}},"type":"binary-expr","locations":[{"start":{"line":97,"column":22},"end":{"line":97,"column":53}},{"start":{"line":97,"column":57},"end":{"line":97,"column":88}},{"start":{"line":97,"column":92},"end":{"line":97,"column":122}}]},"14":{"loc":{"start":{"line":104,"column":2},"end":{"line":104,"column":53}},"type":"if","locations":[{"start":{"line":104,"column":2},"end":{"line":104,"column":53}},{"start":{},"end":{}}]},"15":{"loc":{"start":{"line":105,"column":2},"end":{"line":105,"column":71}},"type":"if","locations":[{"start":{"line":105,"column":2},"end":{"line":105,"column":71}},{"start":{},"end":{}}]},"16":{"loc":{"start":{"line":105,"column":6},"end":{"line":105,"column":50}},"type":"binary-expr","locations":[{"start":{"line":105,"column":6},"end":{"line":105,"column":26}},{"start":{"line":105,"column":30},"end":{"line":105,"column":50}}]},"17":{"loc":{"start":{"line":106,"column":2},"end":{"line":106,"column":57}},"type":"if","locations":[{"start":{"line":106,"column":2},"end":{"line":106,"column":57}},{"start":{},"end":{}}]},"18":{"loc":{"start":{"line":111,"column":31},"end":{"line":113,"column":113}},"type":"binary-expr","locations":[{"start":{"line":111,"column":31},"end":{"line":111,"column":63}},{"start":{"line":111,"column":68},"end":{"line":113,"column":112}}]},"19":{"loc":{"start":{"line":111,"column":68},"end":{"line":113,"column":112}},"type":"cond-expr","locations":[{"start":{"line":112,"column":6},"end":{"line":112,"column":132}},{"start":{"line":113,"column":6},"end":{"line":113,"column":112}}]},"20":{"loc":{"start":{"line":118,"column":82},"end":{"line":118,"column":188}},"type":"cond-expr","locations":[{"start":{"line":118,"column":102},"end":{"line":118,"column":144}},{"start":{"line":118,"column":147},"end":{"line":118,"column":188}}]}},"s":{"0":1,"1":1,"2":1,"3":1,"4":1,"5":1,"6":0,"7":0,"8":0,"9":0,"10":0,"11":0,"12":0,"13":0,"14":0,"15":0,"16":0,"17":0,"18":0,"19":0,"20":0,"21":0,"22":0,"23":0,"24":0,"25":0,"26":0,"27":0,"28":0,"29":0,"30":0,"31":0,"32":0,"33":0,"34":0,"35":0,"36":0,"37":0,"38":0,"39":0,"40":0,"41":0,"42":0,"43":1},"f":{"0":0},"b":{"0":[0],"1":[0,0],"2":[0,0],"3":[0,0],"4":[0,0],"5":[0,0,0],"6":[0,0,0],"7":[0,0],"8":[0,0],"9":[0,0],"10":[0,0],"11":[0,0,0],"12":[0,0,0],"13":[0,0,0],"14":[0,0],"15":[0,0],"16":[0,0],"17":[0,0],"18":[0,0],"19":[0,0],"20":[0,0]}}
,"/Users/mohammadfaazilzia/Desktop/Sentra AI/backend/src/services/policy.service.ts": {"path":"/Users/mohammadfaazilzia/Desktop/Sentra AI/backend/src/services/policy.service.ts","statementMap":{"0":{"start":{"line":1,"column":0},"end":{"line":1,"column":34}},"1":{"start":{"line":2,"column":0},"end":{"line":2,"column":58}},"2":{"start":{"line":3,"column":0},"end":{"line":3,"column":31}},"3":{"start":{"line":7,"column":31},"end":{"line":9,"column":1}},"4":{"start":{"line":8,"column":2},"end":{"line":8,"column":69}},"5":{"start":{"line":7,"column":13},"end":{"line":7,"column":31}},"6":{"start":{"line":33,"column":27},"end":{"line":70,"column":1}},"7":{"start":{"line":34,"column":14},"end":{"line":56,"column":4}},"8":{"start":{"line":59,"column":2},"end":{"line":67,"column":3}},"9":{"start":{"line":60,"column":4},"end":{"line":66,"column":7}},"10":{"start":{"line":69,"column":2},"end":{"line":69,"column":13}},"11":{"start":{"line":33,"column":13},"end":{"line":33,"column":27}},"12":{"start":{"line":72,"column":38},"end":{"line":87,"column":1}},"13":{"start":{"line":73,"column":23},"end":{"line":77,"column":4}},"14":{"start":{"line":79,"column":2},"end":{"line":79,"column":44}},"15":{"start":{"line":79,"column":33},"end":{"line":79,"column":44}},"16":{"start":{"line":81,"column":26},"end":{"line":81,"column":102}},"17":{"start":{"line":81,"column":51},"end":{"line":81,"column":94}},"18":{"start":{"line":82,"column":26},"end":{"line":82,"column":102}},"19":{"start":{"line":82,"column":51},"end":{"line":82,"column":94}},"20":{"start":{"line":84,"column":14},"end":{"line":84,"column":65}},"21":{"start":{"line":86,"column":2},"end":{"line":86,"column":43}},"22":{"start":{"line":72,"column":13},"end":{"line":72,"column":38}}},"fnMap":{"0":{"name":"(anonymous_1)","decl":{"start":{"line":7,"column":31},"end":{"line":7,"column":36}},"loc":{"start":{"line":7,"column":147},"end":{"line":9,"column":1}}},"1":{"name":"(anonymous_2)","decl":{"start":{"line":33,"column":27},"end":{"line":33,"column":32}},"loc":{"start":{"line":33,"column":59},"end":{"line":70,"column":1}}},"2":{"name":"(anonymous_3)","decl":{"start":{"line":72,"column":38},"end":{"line":72,"column":43}},"loc":{"start":{"line":72,"column":71},"end":{"line":87,"column":1}}},"3":{"name":"(anonymous_4)","decl":{"start":{"line":81,"column":46},"end":{"line":81,"column":47}},"loc":{"start":{"line":81,"column":51},"end":{"line":81,"column":94}}},"4":{"name":"(anonymous_5)","decl":{"start":{"line":82,"column":46},"end":{"line":82,"column":47}},"loc":{"start":{"line":82,"column":51},"end":{"line":82,"column":94}}}},"branchMap":{"0":{"loc":{"start":{"line":7,"column":93},"end":{"line":7,"column":111}},"type":"default-arg","locations":[{"start":{"line":7,"column":109},"end":{"line":7,"column":111}}]},"1":{"loc":{"start":{"line":41,"column":14},"end":{"line":41,"column":33}},"type":"binary-expr","locations":[{"start":{"line":41,"column":14},"end":{"line":41,"column":25}},{"start":{"line":41,"column":29},"end":{"line":41,"column":33}}]},"2":{"loc":{"start":{"line":42,"column":14},"end":{"line":42,"column":33}},"type":"binary-expr","locations":[{"start":{"line":42,"column":14},"end":{"line":42,"column":25}},{"start":{"line":42,"column":29},"end":{"line":42,"column":33}}]},"3":{"loc":{"start":{"line":43,"column":19},"end":{"line":43,"column":43}},"type":"binary-expr","locations":[{"start":{"line":43,"column":19},"end":{"line":43,"column":35}},{"start":{"line":43,"column":39},"end":{"line":43,"column":43}}]},"4":{"loc":{"start":{"line":44,"column":18},"end":{"line":44,"column":41}},"type":"binary-expr","locations":[{"start":{"line":44,"column":18},"end":{"line":44,"column":33}},{"start":{"line":44,"column":37},"end":{"line":44,"column":41}}]},"5":{"loc":{"start":{"line":45,"column":16},"end":{"line":45,"column":37}},"type":"binary-expr","locations":[{"start":{"line":45,"column":16},"end":{"line":45,"column":29}},{"start":{"line":45,"column":33},"end":{"line":45,"column":37}}]},"6":{"loc":{"start":{"line":46,"column":18},"end":{"line":46,"column":39}},"type":"binary-expr","locations":[{"start":{"line":46,"column":18},"end":{"line":46,"column":33}},{"start":{"line":46,"column":37},"end":{"line":46,"column":39}}]},"7":{"loc":{"start":{"line":47,"column":16},"end":{"line":47,"column":35}},"type":"binary-expr","locations":[{"start":{"line":47,"column":16},"end":{"line":47,"column":29}},{"start":{"line":47,"column":33},"end":{"line":47,"column":35}}]},"8":{"loc":{"start":{"line":48,"column":17},"end":{"line":48,"column":39}},"type":"binary-expr","locations":[{"start":{"line":48,"column":17},"end":{"line":48,"column":31}},{"start":{"line":48,"column":35},"end":{"line":48,"column":39}}]},"9":{"loc":{"start":{"line":49,"column":15},"end":{"line":49,"column":35}},"type":"binary-expr","locations":[{"start":{"line":49,"column":15},"end":{"line":49,"column":27}},{"start":{"line":49,"column":31},"end":{"line":49,"column":35}}]},"10":{"loc":{"start":{"line":50,"column":25},"end":{"line":50,"column":56}},"type":"binary-expr","locations":[{"start":{"line":50,"column":25},"end":{"line":50,"column":47}},{"start":{"line":50,"column":51},"end":{"line":50,"column":56}}]},"11":{"loc":{"start":{"line":51,"column":23},"end":{"line":51,"column":51}},"type":"binary-expr","locations":[{"start":{"line":51,"column":23},"end":{"line":51,"column":43}},{"start":{"line":51,"column":47},"end":{"line":51,"column":51}}]},"12":{"loc":{"start":{"line":52,"column":20},"end":{"line":52,"column":45}},"type":"binary-expr","locations":[{"start":{"line":52,"column":20},"end":{"line":52,"column":37}},{"start":{"line":52,"column":41},"end":{"line":52,"column":45}}]},"13":{"loc":{"start":{"line":53,"column":25},"end":{"line":53,"column":55}},"type":"binary-expr","locations":[{"start":{"line":53,"column":25},"end":{"line":53,"column":47}},{"start":{"line":53,"column":51},"end":{"line":53,"column":55}}]},"14":{"loc":{"start":{"line":54,"column":18},"end":{"line":54,"column":41}},"type":"binary-expr","locations":[{"start":{"line":54,"column":18},"end":{"line":54,"column":33}},{"start":{"line":54,"column":37},"end":{"line":54,"column":41}}]},"15":{"loc":{"start":{"line":59,"column":2},"end":{"line":67,"column":3}},"type":"if","locations":[{"start":{"line":59,"column":2},"end":{"line":67,"column":3}},{"start":{},"end":{}}]},"16":{"loc":{"start":{"line":79,"column":2},"end":{"line":79,"column":44}},"type":"if","locations":[{"start":{"line":79,"column":2},"end":{"line":79,"column":44}},{"start":{},"end":{}}]},"17":{"loc":{"start":{"line":81,"column":51},"end":{"line":81,"column":94}},"type":"binary-expr","locations":[{"start":{"line":81,"column":51},"end":{"line":81,"column":68}},{"start":{"line":81,"column":72},"end":{"line":81,"column":94}}]},"18":{"loc":{"start":{"line":82,"column":51},"end":{"line":82,"column":94}},"type":"binary-expr","locations":[{"start":{"line":82,"column":51},"end":{"line":82,"column":68}},{"start":{"line":82,"column":72},"end":{"line":82,"column":94}}]}},"s":{"0":1,"1":1,"2":1,"3":1,"4":0,"5":1,"6":1,"7":0,"8":0,"9":0,"10":0,"11":1,"12":1,"13":0,"14":0,"15":0,"16":0,"17":0,"18":0,"19":0,"20":0,"21":0,"22":1},"f":{"0":0,"1":0,"2":0,"3":0,"4":0},"b":{"0":[0],"1":[0,0],"2":[0,0],"3":[0,0],"4":[0,0],"5":[0,0],"6":[0,0],"7":[0,0],"8":[0,0],"9":[0,0],"10":[0,0],"11":[0,0],"12":[0,0],"13":[0,0],"14":[0,0],"15":[0,0],"16":[0,0],"17":[0,0],"18":[0,0]}}
,"/Users/mohammadfaazilzia/Desktop/Sentra AI/backend/src/services/policyEngine.ts": {"path":"/Users/mohammadfaazilzia/Desktop/Sentra AI/backend/src/services/policyEngine.ts","statementMap":{"0":{"start":{"line":1,"column":0},"end":{"line":1,"column":34}},"1":{"start":{"line":2,"column":0},"end":{"line":2,"column":47}},"2":{"start":{"line":13,"column":30},"end":{"line":87,"column":1}},"3":{"start":{"line":14,"column":26},"end":{"line":14,"column":46}},"4":{"start":{"line":16,"column":19},"end":{"line":16,"column":54}},"5":{"start":{"line":18,"column":17},"end":{"line":25,"column":null}},"6":{"start":{"line":19,"column":4},"end":{"line":25,"column":6}},"7":{"start":{"line":28,"column":2},"end":{"line":30,"column":3}},"8":{"start":{"line":29,"column":4},"end":{"line":29,"column":29}},"9":{"start":{"line":33,"column":16},"end":{"line":33,"column":41}},"10":{"start":{"line":34,"column":2},"end":{"line":49,"column":3}},"11":{"start":{"line":37,"column":4},"end":{"line":48,"column":5}},"12":{"start":{"line":38,"column":6},"end":{"line":47,"column":7}},"13":{"start":{"line":39,"column":8},"end":{"line":46,"column":10}},"14":{"start":{"line":52,"column":22},"end":{"line":52,"column":53}},"15":{"start":{"line":53,"column":25},"end":{"line":53,"column":100}},"16":{"start":{"line":54,"column":25},"end":{"line":54,"column":100}},"17":{"start":{"line":57,"column":2},"end":{"line":66,"column":3}},"18":{"start":{"line":57,"column":40},"end":{"line":57,"column":55}},"19":{"start":{"line":58,"column":4},"end":{"line":65,"column":6}},"20":{"start":{"line":69,"column":2},"end":{"line":78,"column":3}},"21":{"start":{"line":69,"column":70},"end":{"line":69,"column":85}},"22":{"start":{"line":70,"column":4},"end":{"line":77,"column":6}},"23":{"start":{"line":80,"column":2},"end":{"line":86,"column":4}},"24":{"start":{"line":13,"column":13},"end":{"line":13,"column":30}}},"fnMap":{"0":{"name":"(anonymous_1)","decl":{"start":{"line":13,"column":30},"end":{"line":13,"column":35}},"loc":{"start":{"line":13,"column":121},"end":{"line":87,"column":1}}},"1":{"name":"(anonymous_2)","decl":{"start":{"line":18,"column":55},"end":{"line":18,"column":58}},"loc":{"start":{"line":19,"column":4},"end":{"line":25,"column":6}}},"2":{"name":"(anonymous_3)","decl":{"start":{"line":57,"column":25},"end":{"line":57,"column":26}},"loc":{"start":{"line":57,"column":40},"end":{"line":57,"column":55}}},"3":{"name":"(anonymous_4)","decl":{"start":{"line":69,"column":55},"end":{"line":69,"column":56}},"loc":{"start":{"line":69,"column":70},"end":{"line":69,"column":85}}}},"branchMap":{"0":{"loc":{"start":{"line":28,"column":2},"end":{"line":30,"column":3}},"type":"if","locations":[{"start":{"line":28,"column":2},"end":{"line":30,"column":3}},{"start":{},"end":{}}]},"1":{"loc":{"start":{"line":33,"column":16},"end":{"line":33,"column":41}},"type":"binary-expr","locations":[{"start":{"line":33,"column":16},"end":{"line":33,"column":35}},{"start":{"line":33,"column":39},"end":{"line":33,"column":41}}]},"2":{"loc":{"start":{"line":34,"column":2},"end":{"line":49,"column":3}},"type":"if","locations":[{"start":{"line":34,"column":2},"end":{"line":49,"column":3}},{"start":{},"end":{}}]},"3":{"loc":{"start":{"line":37,"column":4},"end":{"line":48,"column":5}},"type":"if","locations":[{"start":{"line":37,"column":4},"end":{"line":48,"column":5}},{"start":{},"end":{}}]},"4":{"loc":{"start":{"line":37,"column":8},"end":{"line":37,"column":89}},"type":"binary-expr","locations":[{"start":{"line":37,"column":8},"end":{"line":37,"column":39}},{"start":{"line":37,"column":43},"end":{"line":37,"column":89}}]},"5":{"loc":{"start":{"line":38,"column":6},"end":{"line":47,"column":7}},"type":"if","locations":[{"start":{"line":38,"column":6},"end":{"line":47,"column":7}},{"start":{},"end":{}}]},"6":{"loc":{"start":{"line":52,"column":22},"end":{"line":52,"column":53}},"type":"binary-expr","locations":[{"start":{"line":52,"column":22},"end":{"line":52,"column":47}},{"start":{"line":52,"column":51},"end":{"line":52,"column":53}}]},"7":{"loc":{"start":{"line":53,"column":25},"end":{"line":53,"column":100}},"type":"cond-expr","locations":[{"start":{"line":53,"column":69},"end":{"line":53,"column":95}},{"start":{"line":53,"column":98},"end":{"line":53,"column":100}}]},"8":{"loc":{"start":{"line":54,"column":25},"end":{"line":54,"column":100}},"type":"cond-expr","locations":[{"start":{"line":54,"column":69},"end":{"line":54,"column":95}},{"start":{"line":54,"column":98},"end":{"line":54,"column":100}}]},"9":{"loc":{"start":{"line":57,"column":2},"end":{"line":66,"column":3}},"type":"if","locations":[{"start":{"line":57,"column":2},"end":{"line":66,"column":3}},{"start":{},"end":{}}]},"10":{"loc":{"start":{"line":69,"column":2},"end":{"line":78,"column":3}},"type":"if","locations":[{"start":{"line":69,"column":2},"end":{"line":78,"column":3}},{"start":{},"end":{}}]},"11":{"loc":{"start":{"line":69,"column":6},"end":{"line":69,"column":112}},"type":"binary-expr","locations":[{"start":{"line":69,"column":6},"end":{"line":69,"column":31}},{"start":{"line":69,"column":35},"end":{"line":69,"column":112}}]}},"s":{"0":1,"1":1,"2":1,"3":0,"4":0,"5":0,"6":0,"7":0,"8":0,"9":0,"10":0,"11":0,"12":0,"13":0,"14":0,"15":0,"16":0,"17":0,"18":0,"19":0,"20":0,"21":0,"22":0,"23":0,"24":1},"f":{"0":0,"1":0,"2":0,"3":0},"b":{"0":[0,0],"1":[0,0],"2":[0,0],"3":[0,0],"4":[0,0],"5":[0,0],"6":[0,0],"7":[0,0],"8":[0,0],"9":[0,0],"10":[0,0],"11":[0,0]}}
,"/Users/mohammadfaazilzia/Desktop/Sentra AI/backend/src/services/queue.service.ts": {"path":"/Users/mohammadfaazilzia/Desktop/Sentra AI/backend/src/services/queue.service.ts","statementMap":{"0":{"start":{"line":117,"column":0},"end":{"line":117,"column":7}},"1":{"start":{"line":1,"column":0},"end":{"line":1,"column":39}},"2":{"start":{"line":2,"column":0},"end":{"line":2,"column":30}},"3":{"start":{"line":3,"column":0},"end":{"line":3,"column":86}},"4":{"start":{"line":4,"column":0},"end":{"line":4,"column":36}},"5":{"start":{"line":5,"column":0},"end":{"line":5,"column":40}},"6":{"start":{"line":6,"column":0},"end":{"line":6,"column":37}},"7":{"start":{"line":7,"column":0},"end":{"line":7,"column":34}},"8":{"start":{"line":8,"column":0},"end":{"line":8,"column":47}},"9":{"start":{"line":9,"column":0},"end":{"line":9,"column":46}},"10":{"start":{"line":10,"column":0},"end":{"line":10,"column":50}},"11":{"start":{"line":12,"column":18},"end":{"line":12,"column":39}},"12":{"start":{"line":15,"column":0},"end":{"line":23,"column":1}},"13":{"start":{"line":16,"column":2},"end":{"line":19,"column":5}},"14":{"start":{"line":20,"column":2},"end":{"line":22,"column":5}},"15":{"start":{"line":21,"column":4},"end":{"line":21,"column":49}},"16":{"start":{"line":25,"column":13},"end":{"line":25,"column":92}},"17":{"start":{"line":26,"column":13},"end":{"line":26,"column":95}},"18":{"start":{"line":31,"column":0},"end":{"line":53,"column":1}},"19":{"start":{"line":32,"column":25},"end":{"line":43,"column":null}},"20":{"start":{"line":35,"column":6},"end":{"line":41,"column":7}},"21":{"start":{"line":36,"column":25},"end":{"line":36,"column":28}},"22":{"start":{"line":37,"column":8},"end":{"line":37,"column":32}},"23":{"start":{"line":39,"column":8},"end":{"line":39,"column":45}},"24":{"start":{"line":40,"column":8},"end":{"line":40,"column":20}},"25":{"start":{"line":46,"column":2},"end":{"line":48,"column":5}},"26":{"start":{"line":47,"column":4},"end":{"line":47,"column":47}},"27":{"start":{"line":50,"column":2},"end":{"line":52,"column":5}},"28":{"start":{"line":51,"column":4},"end":{"line":51,"column":52}},"29":{"start":{"line":55,"column":26},"end":{"line":68,"column":1}},"30":{"start":{"line":56,"column":2},"end":{"line":67,"column":3}},"31":{"start":{"line":57,"column":4},"end":{"line":62,"column":5}},"32":{"start":{"line":58,"column":6},"end":{"line":61,"column":9}},"33":{"start":{"line":63,"column":4},"end":{"line":63,"column":28}},"34":{"start":{"line":65,"column":4},"end":{"line":65,"column":79}},"35":{"start":{"line":66,"column":4},"end":{"line":66,"column":28}},"36":{"start":{"line":55,"column":13},"end":{"line":55,"column":26}},"37":{"start":{"line":71,"column":13},"end":{"line":71,"column":94}},"38":{"start":{"line":73,"column":0},"end":{"line":115,"column":1}},"39":{"start":{"line":74,"column":26},"end":{"line":104,"column":null}},"40":{"start":{"line":77,"column":6},"end":{"line":102,"column":7}},"41":{"start":{"line":78,"column":25},"end":{"line":78,"column":28}},"42":{"start":{"line":80,"column":8},"end":{"line":86,"column":9}},"43":{"start":{"line":81,"column":29},"end":{"line":83,"column":12}},"44":{"start":{"line":84,"column":10},"end":{"line":84,"column":111}},"45":{"start":{"line":85,"column":10},"end":{"line":85,"column":17}},"46":{"start":{"line":88,"column":30},"end":{"line":88,"column":40}},"47":{"start":{"line":89,"column":8},"end":{"line":89,"column":60}},"48":{"start":{"line":91,"column":30},"end":{"line":93,"column":10}},"49":{"start":{"line":95,"column":28},"end":{"line":97,"column":10}},"50":{"start":{"line":99,"column":8},"end":{"line":99,"column":148}},"51":{"start":{"line":101,"column":8},"end":{"line":101,"column":55}},"52":{"start":{"line":107,"column":26},"end":{"line":113,"column":null}},"53":{"start":{"line":110,"column":36},"end":{"line":110,"column":44}},"54":{"start":{"line":111,"column":6},"end":{"line":111,"column":52}},"55":{"start":{"line":118,"column":2},"end":{"line":305,"column":3}},"56":{"start":{"line":119,"column":22},"end":{"line":119,"column":88}},"57":{"start":{"line":120,"column":4},"end":{"line":120,"column":27}},"58":{"start":{"line":120,"column":20},"end":{"line":120,"column":27}},"59":{"start":{"line":123,"column":24},"end":{"line":123,"column":59}},"60":{"start":{"line":124,"column":4},"end":{"line":131,"column":5}},"61":{"start":{"line":125,"column":6},"end":{"line":125,"column":85}},"62":{"start":{"line":126,"column":6},"end":{"line":129,"column":9}},"63":{"start":{"line":130,"column":6},"end":{"line":130,"column":13}},"64":{"start":{"line":135,"column":4},"end":{"line":146,"column":5}},"65":{"start":{"line":136,"column":30},"end":{"line":136,"column":100}},"66":{"start":{"line":137,"column":6},"end":{"line":137,"column":66}},"67":{"start":{"line":137,"column":27},"end":{"line":137,"column":66}},"68":{"start":{"line":138,"column":6},"end":{"line":138,"column":50}},"69":{"start":{"line":140,"column":6},"end":{"line":140,"column":76}},"70":{"start":{"line":141,"column":6},"end":{"line":144,"column":9}},"71":{"start":{"line":145,"column":6},"end":{"line":145,"column":13}},"72":{"start":{"line":148,"column":4},"end":{"line":148,"column":78}},"73":{"start":{"line":149,"column":21},"end":{"line":149,"column":22}},"74":{"start":{"line":150,"column":19},"end":{"line":150,"column":20}},"75":{"start":{"line":151,"column":23},"end":{"line":151,"column":24}},"76":{"start":{"line":154,"column":4},"end":{"line":276,"column":5}},"77":{"start":{"line":155,"column":67},"end":{"line":155,"column":72}},"78":{"start":{"line":156,"column":17},"end":{"line":159,"column":8}},"79":{"start":{"line":161,"column":26},"end":{"line":161,"column":87}},"80":{"start":{"line":162,"column":27},"end":{"line":162,"column":53}},"81":{"start":{"line":163,"column":6},"end":{"line":163,"column":17}},"82":{"start":{"line":165,"column":6},"end":{"line":188,"column":7}},"83":{"start":{"line":166,"column":8},"end":{"line":187,"column":9}},"84":{"start":{"line":167,"column":10},"end":{"line":167,"column":33}},"85":{"start":{"line":167,"column":24},"end":{"line":167,"column":33}},"86":{"start":{"line":168,"column":29},"end":{"line":172,"column":12}},"87":{"start":{"line":173,"column":27},"end":{"line":173,"column":52}},"88":{"start":{"line":174,"column":10},"end":{"line":174,"column":21}},"89":{"start":{"line":175,"column":26},"end":{"line":175,"column":66}},"90":{"start":{"line":177,"column":10},"end":{"line":186,"column":11}},"91":{"start":{"line":178,"column":12},"end":{"line":178,"column":55}},"92":{"start":{"line":179,"column":26},"end":{"line":184,"column":14}},"93":{"start":{"line":185,"column":12},"end":{"line":185,"column":32}},"94":{"start":{"line":192,"column":9},"end":{"line":276,"column":5}},"95":{"start":{"line":193,"column":56},"end":{"line":193,"column":61}},"96":{"start":{"line":194,"column":19},"end":{"line":198,"column":null}},"97":{"start":{"line":200,"column":20},"end":{"line":200,"column":57}},"98":{"start":{"line":202,"column":18},"end":{"line":205,"column":8}},"99":{"start":{"line":206,"column":6},"end":{"line":206,"column":17}},"100":{"start":{"line":208,"column":6},"end":{"line":243,"column":7}},"101":{"start":{"line":209,"column":8},"end":{"line":242,"column":9}},"102":{"start":{"line":210,"column":10},"end":{"line":210,"column":33}},"103":{"start":{"line":210,"column":24},"end":{"line":210,"column":33}},"104":{"start":{"line":211,"column":24},"end":{"line":211,"column":26}},"105":{"start":{"line":212,"column":10},"end":{"line":230,"column":11}},"106":{"start":{"line":213,"column":12},"end":{"line":225,"column":13}},"107":{"start":{"line":214,"column":32},"end":{"line":217,"column":16}},"108":{"start":{"line":218,"column":14},"end":{"line":218,"column":109}},"109":{"start":{"line":220,"column":29},"end":{"line":223,"column":16}},"110":{"start":{"line":224,"column":14},"end":{"line":224,"column":100}},"111":{"start":{"line":226,"column":12},"end":{"line":226,"column":23}},"112":{"start":{"line":228,"column":12},"end":{"line":228,"column":75}},"113":{"start":{"line":229,"column":12},"end":{"line":229,"column":21}},"114":{"start":{"line":232,"column":10},"end":{"line":241,"column":11}},"115":{"start":{"line":233,"column":12},"end":{"line":233,"column":55}},"116":{"start":{"line":234,"column":26},"end":{"line":239,"column":14}},"117":{"start":{"line":240,"column":12},"end":{"line":240,"column":32}},"118":{"start":{"line":247,"column":9},"end":{"line":276,"column":5}},"119":{"start":{"line":248,"column":55},"end":{"line":248,"column":60}},"120":{"start":{"line":249,"column":21},"end":{"line":249,"column":111}},"121":{"start":{"line":251,"column":6},"end":{"line":251,"column":29}},"122":{"start":{"line":252,"column":6},"end":{"line":252,"column":17}},"123":{"start":{"line":254,"column":6},"end":{"line":275,"column":7}},"124":{"start":{"line":255,"column":26},"end":{"line":255,"column":135}},"125":{"start":{"line":256,"column":8},"end":{"line":256,"column":19}},"126":{"start":{"line":258,"column":8},"end":{"line":272,"column":9}},"127":{"start":{"line":259,"column":28},"end":{"line":259,"column":44}},"128":{"start":{"line":260,"column":26},"end":{"line":260,"column":86}},"129":{"start":{"line":261,"column":10},"end":{"line":261,"column":21}},"130":{"start":{"line":263,"column":26},"end":{"line":263,"column":54}},"131":{"start":{"line":264,"column":10},"end":{"line":264,"column":53}},"132":{"start":{"line":265,"column":24},"end":{"line":270,"column":12}},"133":{"start":{"line":271,"column":10},"end":{"line":271,"column":30}},"134":{"start":{"line":274,"column":8},"end":{"line":274,"column":27}},"135":{"start":{"line":279,"column":21},"end":{"line":279,"column":37}},"136":{"start":{"line":280,"column":4},"end":{"line":292,"column":7}},"137":{"start":{"line":294,"column":4},"end":{"line":294,"column":100}},"138":{"start":{"line":296,"column":4},"end":{"line":296,"column":64}},"139":{"start":{"line":297,"column":4},"end":{"line":304,"column":23}},"140":{"start":{"line":309,"column":24},"end":{"line":309,"column":25}},"141":{"start":{"line":310,"column":2},"end":{"line":332,"column":3}},"142":{"start":{"line":311,"column":4},"end":{"line":331,"column":5}},"143":{"start":{"line":312,"column":6},"end":{"line":312,"column":24}},"144":{"start":{"line":313,"column":6},"end":{"line":330,"column":9}},"145":{"start":{"line":333,"column":2},"end":{"line":333,"column":25}},"146":{"start":{"line":337,"column":34},"end":{"line":362,"column":1}},"147":{"start":{"line":338,"column":2},"end":{"line":341,"column":3}},"148":{"start":{"line":339,"column":4},"end":{"line":339,"column":70}},"149":{"start":{"line":340,"column":4},"end":{"line":340,"column":11}},"150":{"start":{"line":343,"column":2},"end":{"line":361,"column":3}},"151":{"start":{"line":345,"column":4},"end":{"line":349,"column":6}},"152":{"start":{"line":352,"column":4},"end":{"line":356,"column":6}},"153":{"start":{"line":358,"column":4},"end":{"line":358,"column":80}},"154":{"start":{"line":360,"column":4},"end":{"line":360,"column":59}},"155":{"start":{"line":337,"column":13},"end":{"line":337,"column":34}},"156":{"start":{"line":364,"column":36},"end":{"line":372,"column":1}},"157":{"start":{"line":365,"column":2},"end":{"line":365,"column":30}},"158":{"start":{"line":365,"column":23},"end":{"line":365,"column":30}},"159":{"start":{"line":367,"column":2},"end":{"line":371,"column":4}},"160":{"start":{"line":364,"column":13},"end":{"line":364,"column":36}},"161":{"start":{"line":374,"column":34},"end":{"line":380,"column":1}},"162":{"start":{"line":375,"column":20},"end":{"line":375,"column":86}},"163":{"start":{"line":376,"column":2},"end":{"line":376,"column":25}},"164":{"start":{"line":376,"column":18},"end":{"line":376,"column":25}},"165":{"start":{"line":378,"column":2},"end":{"line":378,"column":68}},"166":{"start":{"line":379,"column":2},"end":{"line":379,"column":104}},"167":{"start":{"line":374,"column":13},"end":{"line":374,"column":34}}},"fnMap":{"0":{"name":"(anonymous_1)","decl":{"start":{"line":20,"column":25},"end":{"line":20,"column":26}},"loc":{"start":{"line":20,"column":33},"end":{"line":22,"column":3}}},"1":{"name":"(anonymous_2)","decl":{"start":{"line":34,"column":4},"end":{"line":34,"column":9}},"loc":{"start":{"line":34,"column":18},"end":{"line":42,"column":5}}},"2":{"name":"(anonymous_3)","decl":{"start":{"line":46,"column":33},"end":{"line":46,"column":34}},"loc":{"start":{"line":46,"column":41},"end":{"line":48,"column":3}}},"3":{"name":"(anonymous_4)","decl":{"start":{"line":50,"column":30},"end":{"line":50,"column":31}},"loc":{"start":{"line":50,"column":43},"end":{"line":52,"column":3}}},"4":{"name":"(anonymous_5)","decl":{"start":{"line":55,"column":26},"end":{"line":55,"column":31}},"loc":{"start":{"line":55,"column":46},"end":{"line":68,"column":1}}},"5":{"name":"(anonymous_6)","decl":{"start":{"line":76,"column":4},"end":{"line":76,"column":9}},"loc":{"start":{"line":76,"column":18},"end":{"line":103,"column":5}}},"6":{"name":"(anonymous_7)","decl":{"start":{"line":109,"column":4},"end":{"line":109,"column":9}},"loc":{"start":{"line":109,"column":18},"end":{"line":112,"column":5}}},"7":{"name":"processConnectorScan","decl":{"start":{"line":117,"column":22},"end":{"line":117,"column":42}},"loc":{"start":{"line":117,"column":76},"end":{"line":306,"column":1}}},"8":{"name":"(anonymous_9)","decl":{"start":{"line":304,"column":13},"end":{"line":304,"column":16}},"loc":{"start":{"line":304,"column":18},"end":{"line":304,"column":21}}},"9":{"name":"performPIIScan","decl":{"start":{"line":308,"column":15},"end":{"line":308,"column":29}},"loc":{"start":{"line":308,"column":135},"end":{"line":334,"column":1}}},"10":{"name":"(anonymous_11)","decl":{"start":{"line":337,"column":34},"end":{"line":337,"column":39}},"loc":{"start":{"line":337,"column":45},"end":{"line":362,"column":1}}},"11":{"name":"(anonymous_12)","decl":{"start":{"line":364,"column":36},"end":{"line":364,"column":41}},"loc":{"start":{"line":364,"column":134},"end":{"line":372,"column":1}}},"12":{"name":"(anonymous_13)","decl":{"start":{"line":374,"column":34},"end":{"line":374,"column":39}},"loc":{"start":{"line":374,"column":80},"end":{"line":380,"column":1}}}},"branchMap":{"0":{"loc":{"start":{"line":15,"column":0},"end":{"line":23,"column":1}},"type":"if","locations":[{"start":{"line":15,"column":0},"end":{"line":23,"column":1}},{"start":{},"end":{}}]},"1":{"loc":{"start":{"line":25,"column":29},"end":{"line":25,"column":91}},"type":"cond-expr","locations":[{"start":{"line":25,"column":42},"end":{"line":25,"column":84}},{"start":{"line":25,"column":87},"end":{"line":25,"column":91}}]},"2":{"loc":{"start":{"line":26,"column":30},"end":{"line":26,"column":94}},"type":"cond-expr","locations":[{"start":{"line":26,"column":43},"end":{"line":26,"column":87}},{"start":{"line":26,"column":90},"end":{"line":26,"column":94}}]},"3":{"loc":{"start":{"line":31,"column":0},"end":{"line":53,"column":1}},"type":"if","locations":[{"start":{"line":31,"column":0},"end":{"line":53,"column":1}},{"start":{},"end":{}}]},"4":{"loc":{"start":{"line":57,"column":4},"end":{"line":62,"column":5}},"type":"if","locations":[{"start":{"line":57,"column":4},"end":{"line":62,"column":5}},{"start":{},"end":{}}]},"5":{"loc":{"start":{"line":71,"column":30},"end":{"line":71,"column":93}},"type":"cond-expr","locations":[{"start":{"line":71,"column":43},"end":{"line":71,"column":86}},{"start":{"line":71,"column":89},"end":{"line":71,"column":93}}]},"6":{"loc":{"start":{"line":73,"column":0},"end":{"line":115,"column":1}},"type":"if","locations":[{"start":{"line":73,"column":0},"end":{"line":115,"column":1}},{"start":{},"end":{}}]},"7":{"loc":{"start":{"line":80,"column":8},"end":{"line":86,"column":9}},"type":"if","locations":[{"start":{"line":80,"column":8},"end":{"line":86,"column":9}},{"start":{},"end":{}}]},"8":{"loc":{"start":{"line":120,"column":4},"end":{"line":120,"column":27}},"type":"if","locations":[{"start":{"line":120,"column":4},"end":{"line":120,"column":27}},{"start":{},"end":{}}]},"9":{"loc":{"start":{"line":123,"column":24},"end":{"line":123,"column":59}},"type":"binary-expr","locations":[{"start":{"line":123,"column":24},"end":{"line":123,"column":53}},{"start":{"line":123,"column":57},"end":{"line":123,"column":59}}]},"10":{"loc":{"start":{"line":124,"column":4},"end":{"line":131,"column":5}},"type":"if","locations":[{"start":{"line":124,"column":4},"end":{"line":131,"column":5}},{"start":{},"end":{}}]},"11":{"loc":{"start":{"line":124,"column":8},"end":{"line":124,"column":88}},"type":"binary-expr","locations":[{"start":{"line":124,"column":8},"end":{"line":124,"column":31}},{"start":{"line":124,"column":35},"end":{"line":124,"column":88}}]},"12":{"loc":{"start":{"line":136,"column":30},"end":{"line":136,"column":100}},"type":"binary-expr","locations":[{"start":{"line":136,"column":30},"end":{"line":136,"column":59}},{"start":{"line":136,"column":64},"end":{"line":136,"column":100}}]},"13":{"loc":{"start":{"line":137,"column":6},"end":{"line":137,"column":66}},"type":"if","locations":[{"start":{"line":137,"column":6},"end":{"line":137,"column":66}},{"start":{},"end":{}}]},"14":{"loc":{"start":{"line":154,"column":4},"end":{"line":276,"column":5}},"type":"if","locations":[{"start":{"line":154,"column":4},"end":{"line":276,"column":5}},{"start":{"line":192,"column":9},"end":{"line":276,"column":5}}]},"15":{"loc":{"start":{"line":157,"column":16},"end":{"line":157,"column":37}},"type":"binary-expr","locations":[{"start":{"line":157,"column":16},"end":{"line":157,"column":22}},{"start":{"line":157,"column":26},"end":{"line":157,"column":37}}]},"16":{"loc":{"start":{"line":165,"column":6},"end":{"line":188,"column":7}},"type":"if","locations":[{"start":{"line":165,"column":6},"end":{"line":188,"column":7}},{"start":{},"end":{}}]},"17":{"loc":{"start":{"line":167,"column":10},"end":{"line":167,"column":33}},"type":"if","locations":[{"start":{"line":167,"column":10},"end":{"line":167,"column":33}},{"start":{},"end":{}}]},"18":{"loc":{"start":{"line":177,"column":10},"end":{"line":186,"column":11}},"type":"if","locations":[{"start":{"line":177,"column":10},"end":{"line":186,"column":11}},{"start":{},"end":{}}]},"19":{"loc":{"start":{"line":192,"column":9},"end":{"line":276,"column":5}},"type":"if","locations":[{"start":{"line":192,"column":9},"end":{"line":276,"column":5}},{"start":{"line":247,"column":9},"end":{"line":276,"column":5}}]},"20":{"loc":{"start":{"line":197,"column":9},"end":{"line":197,"column":36}},"type":"binary-expr","locations":[{"start":{"line":197,"column":9},"end":{"line":197,"column":30}},{"start":{"line":197,"column":34},"end":{"line":197,"column":36}}]},"21":{"loc":{"start":{"line":198,"column":9},"end":{"line":198,"column":71}},"type":"binary-expr","locations":[{"start":{"line":198,"column":9},"end":{"line":198,"column":19}},{"start":{"line":198,"column":23},"end":{"line":198,"column":71}}]},"22":{"loc":{"start":{"line":208,"column":6},"end":{"line":243,"column":7}},"type":"if","locations":[{"start":{"line":208,"column":6},"end":{"line":243,"column":7}},{"start":{},"end":{}}]},"23":{"loc":{"start":{"line":210,"column":10},"end":{"line":210,"column":33}},"type":"if","locations":[{"start":{"line":210,"column":10},"end":{"line":210,"column":33}},{"start":{},"end":{}}]},"24":{"loc":{"start":{"line":213,"column":12},"end":{"line":225,"column":13}},"type":"if","locations":[{"start":{"line":213,"column":12},"end":{"line":225,"column":13}},{"start":{"line":219,"column":19},"end":{"line":225,"column":13}}]},"25":{"loc":{"start":{"line":218,"column":24},"end":{"line":218,"column":108}},"type":"cond-expr","locations":[{"start":{"line":218,"column":61},"end":{"line":218,"column":75}},{"start":{"line":218,"column":78},"end":{"line":218,"column":108}}]},"26":{"loc":{"start":{"line":224,"column":24},"end":{"line":224,"column":99}},"type":"cond-expr","locations":[{"start":{"line":224,"column":58},"end":{"line":224,"column":69}},{"start":{"line":224,"column":72},"end":{"line":224,"column":99}}]},"27":{"loc":{"start":{"line":232,"column":10},"end":{"line":241,"column":11}},"type":"if","locations":[{"start":{"line":232,"column":10},"end":{"line":241,"column":11}},{"start":{},"end":{}}]},"28":{"loc":{"start":{"line":237,"column":23},"end":{"line":237,"column":43}},"type":"binary-expr","locations":[{"start":{"line":237,"column":23},"end":{"line":237,"column":32}},{"start":{"line":237,"column":36},"end":{"line":237,"column":43}}]},"29":{"loc":{"start":{"line":247,"column":9},"end":{"line":276,"column":5}},"type":"if","locations":[{"start":{"line":247,"column":9},"end":{"line":276,"column":5}},{"start":{},"end":{}}]},"30":{"loc":{"start":{"line":288,"column":22},"end":{"line":288,"column":85}},"type":"cond-expr","locations":[{"start":{"line":288,"column":39},"end":{"line":288,"column":79}},{"start":{"line":288,"column":82},"end":{"line":288,"column":85}}]},"31":{"loc":{"start":{"line":311,"column":4},"end":{"line":331,"column":5}},"type":"if","locations":[{"start":{"line":311,"column":4},"end":{"line":331,"column":5}},{"start":{},"end":{}}]},"32":{"loc":{"start":{"line":338,"column":2},"end":{"line":341,"column":3}},"type":"if","locations":[{"start":{"line":338,"column":2},"end":{"line":341,"column":3}},{"start":{},"end":{}}]},"33":{"loc":{"start":{"line":364,"column":78},"end":{"line":364,"column":130}},"type":"default-arg","locations":[{"start":{"line":364,"column":128},"end":{"line":364,"column":130}}]},"34":{"loc":{"start":{"line":365,"column":2},"end":{"line":365,"column":30}},"type":"if","locations":[{"start":{"line":365,"column":2},"end":{"line":365,"column":30}},{"start":{},"end":{}}]},"35":{"loc":{"start":{"line":369,"column":33},"end":{"line":369,"column":59}},"type":"binary-expr","locations":[{"start":{"line":369,"column":33},"end":{"line":369,"column":47}},{"start":{"line":369,"column":51},"end":{"line":369,"column":59}}]},"36":{"loc":{"start":{"line":370,"column":16},"end":{"line":370,"column":38}},"type":"binary-expr","locations":[{"start":{"line":370,"column":16},"end":{"line":370,"column":32}},{"start":{"line":370,"column":36},"end":{"line":370,"column":38}}]},"37":{"loc":{"start":{"line":376,"column":2},"end":{"line":376,"column":25}},"type":"if","locations":[{"start":{"line":376,"column":2},"end":{"line":376,"column":25}},{"start":{},"end":{}}]}},"s":{"0":1,"1":1,"2":1,"3":1,"4":1,"5":1,"6":1,"7":1,"8":1,"9":1,"10":1,"11":1,"12":1,"13":0,"14":0,"15":0,"16":1,"17":1,"18":1,"19":0,"20":0,"21":0,"22":0,"23":0,"24":0,"25":0,"26":0,"27":0,"28":0,"29":1,"30":0,"31":0,"32":0,"33":0,"34":0,"35":0,"36":1,"37":1,"38":1,"39":0,"40":0,"41":0,"42":0,"43":0,"44":0,"45":0,"46":0,"47":0,"48":0,"49":0,"50":0,"51":0,"52":0,"53":0,"54":0,"55":4,"56":4,"57":4,"58":0,"59":4,"60":4,"61":1,"62":1,"63":1,"64":3,"65":3,"66":3,"67":0,"68":3,"69":0,"70":0,"71":0,"72":3,"73":3,"74":3,"75":3,"76":3,"77":1,"78":1,"79":1,"80":1,"81":1,"82":1,"83":1,"84":1,"85":0,"86":1,"87":1,"88":1,"89":1,"90":1,"91":1,"92":1,"93":1,"94":2,"95":1,"96":1,"97":1,"98":1,"99":1,"100":1,"101":1,"102":1,"103":0,"104":1,"105":1,"106":1,"107":0,"108":0,"109":1,"110":1,"111":1,"112":0,"113":0,"114":1,"115":1,"116":1,"117":1,"118":1,"119":1,"120":1,"121":1,"122":1,"123":1,"124":1,"125":1,"126":1,"127":1,"128":1,"129":1,"130":1,"131":1,"132":1,"133":1,"134":1,"135":3,"136":3,"137":3,"138":0,"139":0,"140":3,"141":3,"142":12,"143":3,"144":3,"145":3,"146":1,"147":0,"148":0,"149":0,"150":0,"151":0,"152":0,"153":0,"154":0,"155":1,"156":1,"157":0,"158":0,"159":0,"160":1,"161":1,"162":0,"163":0,"164":0,"165":0,"166":0,"167":1},"f":{"0":0,"1":0,"2":0,"3":0,"4":0,"5":0,"6":0,"7":4,"8":0,"9":3,"10":0,"11":0,"12":0},"b":{"0":[0,1],"1":[0,1],"2":[0,1],"3":[0,1],"4":[0,0],"5":[0,1],"6":[0,1],"7":[0,0],"8":[0,4],"9":[4,0],"10":[1,3],"11":[4,4],"12":[3,0],"13":[0,3],"14":[1,2],"15":[1,0],"16":[1,0],"17":[0,1],"18":[1,0],"19":[1,1],"20":[1,0],"21":[1,1],"22":[1,0],"23":[0,1],"24":[0,1],"25":[0,0],"26":[1,0],"27":[1,0],"28":[1,0],"29":[1,0],"30":[3,0],"31":[3,9],"32":[0,0],"33":[0],"34":[0,0],"35":[0,0],"36":[0,0],"37":[0,0]}}
,"/Users/mohammadfaazilzia/Desktop/Sentra AI/backend/src/services/riskEngine.ts": {"path":"/Users/mohammadfaazilzia/Desktop/Sentra AI/backend/src/services/riskEngine.ts","statementMap":{"0":{"start":{"line":1,"column":13},"end":{"line":6,"column":2}},"1":{"start":{"line":8,"column":27},"end":{"line":10,"column":2}},"2":{"start":{"line":12,"column":26},"end":{"line":14,"column":2}},"3":{"start":{"line":16,"column":28},"end":{"line":18,"column":2}},"4":{"start":{"line":25,"column":27},"end":{"line":31,"column":2}},"5":{"start":{"line":33,"column":28},"end":{"line":78,"column":1}},"6":{"start":{"line":34,"column":41},"end":{"line":34,"column":46}},"7":{"start":{"line":35,"column":29},"end":{"line":35,"column":31}},"8":{"start":{"line":36,"column":26},"end":{"line":36,"column":46}},"9":{"start":{"line":37,"column":21},"end":{"line":37,"column":59}},"10":{"start":{"line":38,"column":17},"end":{"line":38,"column":60}},"11":{"start":{"line":41,"column":2},"end":{"line":47,"column":3}},"12":{"start":{"line":42,"column":4},"end":{"line":42,"column":19}},"13":{"start":{"line":43,"column":4},"end":{"line":43,"column":49}},"14":{"start":{"line":44,"column":9},"end":{"line":47,"column":3}},"15":{"start":{"line":45,"column":4},"end":{"line":45,"column":21}},"16":{"start":{"line":46,"column":4},"end":{"line":46,"column":51}},"17":{"start":{"line":50,"column":24},"end":{"line":50,"column":80}},"18":{"start":{"line":50,"column":56},"end":{"line":50,"column":79}},"19":{"start":{"line":51,"column":2},"end":{"line":54,"column":3}},"20":{"start":{"line":52,"column":4},"end":{"line":52,"column":43}},"21":{"start":{"line":52,"column":26},"end":{"line":52,"column":43}},"22":{"start":{"line":53,"column":4},"end":{"line":53,"column":78}},"23":{"start":{"line":57,"column":2},"end":{"line":62,"column":3}},"24":{"start":{"line":58,"column":4},"end":{"line":61,"column":5}},"25":{"start":{"line":59,"column":6},"end":{"line":59,"column":21}},"26":{"start":{"line":60,"column":6},"end":{"line":60,"column":59}},"27":{"start":{"line":65,"column":25},"end":{"line":65,"column":81}},"28":{"start":{"line":65,"column":60},"end":{"line":65,"column":80}},"29":{"start":{"line":66,"column":2},"end":{"line":69,"column":3}},"30":{"start":{"line":67,"column":4},"end":{"line":67,"column":19}},"31":{"start":{"line":68,"column":4},"end":{"line":68,"column":84}},"32":{"start":{"line":72,"column":2},"end":{"line":75,"column":3}},"33":{"start":{"line":73,"column":4},"end":{"line":73,"column":19}},"34":{"start":{"line":74,"column":4},"end":{"line":74,"column":63}},"35":{"start":{"line":77,"column":2},"end":{"line":77,"column":29}},"36":{"start":{"line":33,"column":13},"end":{"line":33,"column":28}}},"fnMap":{"0":{"name":"(anonymous_0)","decl":{"start":{"line":33,"column":28},"end":{"line":33,"column":29}},"loc":{"start":{"line":33,"column":83},"end":{"line":78,"column":1}}},"1":{"name":"(anonymous_1)","decl":{"start":{"line":50,"column":50},"end":{"line":50,"column":52}},"loc":{"start":{"line":50,"column":56},"end":{"line":50,"column":79}}},"2":{"name":"(anonymous_2)","decl":{"start":{"line":65,"column":49},"end":{"line":65,"column":56}},"loc":{"start":{"line":65,"column":60},"end":{"line":65,"column":80}}}},"branchMap":{"0":{"loc":{"start":{"line":33,"column":45},"end":{"line":33,"column":63}},"type":"default-arg","locations":[{"start":{"line":33,"column":61},"end":{"line":33,"column":63}}]},"1":{"loc":{"start":{"line":38,"column":24},"end":{"line":38,"column":45}},"type":"binary-expr","locations":[{"start":{"line":38,"column":24},"end":{"line":38,"column":39}},{"start":{"line":38,"column":43},"end":{"line":38,"column":45}}]},"2":{"loc":{"start":{"line":41,"column":2},"end":{"line":47,"column":3}},"type":"if","locations":[{"start":{"line":41,"column":2},"end":{"line":47,"column":3}},{"start":{"line":44,"column":9},"end":{"line":47,"column":3}}]},"3":{"loc":{"start":{"line":44,"column":9},"end":{"line":47,"column":3}},"type":"if","locations":[{"start":{"line":44,"column":9},"end":{"line":47,"column":3}},{"start":{},"end":{}}]},"4":{"loc":{"start":{"line":51,"column":2},"end":{"line":54,"column":3}},"type":"if","locations":[{"start":{"line":51,"column":2},"end":{"line":54,"column":3}},{"start":{},"end":{}}]},"5":{"loc":{"start":{"line":52,"column":4},"end":{"line":52,"column":43}},"type":"if","locations":[{"start":{"line":52,"column":4},"end":{"line":52,"column":43}},{"start":{},"end":{}}]},"6":{"loc":{"start":{"line":58,"column":4},"end":{"line":61,"column":5}},"type":"if","locations":[{"start":{"line":58,"column":4},"end":{"line":61,"column":5}},{"start":{},"end":{}}]},"7":{"loc":{"start":{"line":66,"column":2},"end":{"line":69,"column":3}},"type":"if","locations":[{"start":{"line":66,"column":2},"end":{"line":69,"column":3}},{"start":{},"end":{}}]},"8":{"loc":{"start":{"line":72,"column":2},"end":{"line":75,"column":3}},"type":"if","locations":[{"start":{"line":72,"column":2},"end":{"line":75,"column":3}},{"start":{},"end":{}}]},"9":{"loc":{"start":{"line":72,"column":6},"end":{"line":72,"column":69}},"type":"binary-expr","locations":[{"start":{"line":72,"column":6},"end":{"line":72,"column":38}},{"start":{"line":72,"column":42},"end":{"line":72,"column":69}}]}},"s":{"0":1,"1":1,"2":1,"3":1,"4":1,"5":1,"6":0,"7":0,"8":0,"9":0,"10":0,"11":0,"12":0,"13":0,"14":0,"15":0,"16":0,"17":0,"18":0,"19":0,"20":0,"21":0,"22":0,"23":0,"24":0,"25":0,"26":0,"27":0,"28":0,"29":0,"30":0,"31":0,"32":0,"33":0,"34":0,"35":0,"36":1},"f":{"0":0,"1":0,"2":0},"b":{"0":[0],"1":[0,0],"2":[0,0],"3":[0,0],"4":[0,0],"5":[0,0],"6":[0,0],"7":[0,0],"8":[0,0],"9":[0,0]}}
,"/Users/mohammadfaazilzia/Desktop/Sentra AI/backend/src/utils/encryption.ts": {"path":"/Users/mohammadfaazilzia/Desktop/Sentra AI/backend/src/utils/encryption.ts","statementMap":{"0":{"start":{"line":7,"column":0},"end":{"line":7,"column":16}},"1":{"start":{"line":19,"column":0},"end":{"line":19,"column":16}},"2":{"start":{"line":1,"column":0},"end":{"line":1,"column":28}},"3":{"start":{"line":3,"column":18},"end":{"line":3,"column":31}},"4":{"start":{"line":4,"column":19},"end":{"line":4,"column":96}},"5":{"start":{"line":5,"column":18},"end":{"line":5,"column":20}},"6":{"start":{"line":8,"column":13},"end":{"line":8,"column":42}},"7":{"start":{"line":9,"column":17},"end":{"line":9,"column":91}},"8":{"start":{"line":11,"column":18},"end":{"line":11,"column":52}},"9":{"start":{"line":12,"column":2},"end":{"line":12,"column":35}},"10":{"start":{"line":14,"column":18},"end":{"line":14,"column":53}},"11":{"start":{"line":16,"column":2},"end":{"line":16,"column":57}},"12":{"start":{"line":20,"column":45},"end":{"line":20,"column":60}},"13":{"start":{"line":22,"column":13},"end":{"line":22,"column":38}},"14":{"start":{"line":23,"column":18},"end":{"line":23,"column":48}},"15":{"start":{"line":24,"column":19},"end":{"line":24,"column":95}},"16":{"start":{"line":26,"column":2},"end":{"line":26,"column":31}},"17":{"start":{"line":28,"column":18},"end":{"line":28,"column":63}},"18":{"start":{"line":29,"column":2},"end":{"line":29,"column":38}},"19":{"start":{"line":31,"column":2},"end":{"line":31,"column":19}}},"fnMap":{"0":{"name":"encrypt","decl":{"start":{"line":7,"column":16},"end":{"line":7,"column":23}},"loc":{"start":{"line":7,"column":36},"end":{"line":17,"column":1}}},"1":{"name":"decrypt","decl":{"start":{"line":19,"column":16},"end":{"line":19,"column":23}},"loc":{"start":{"line":19,"column":36},"end":{"line":32,"column":1}}}},"branchMap":{"0":{"loc":{"start":{"line":4,"column":19},"end":{"line":4,"column":96}},"type":"binary-expr","locations":[{"start":{"line":4,"column":19},"end":{"line":4,"column":45}},{"start":{"line":4,"column":49},"end":{"line":4,"column":96}}]}},"s":{"0":1,"1":1,"2":1,"3":1,"4":1,"5":1,"6":0,"7":0,"8":0,"9":0,"10":0,"11":0,"12":0,"13":0,"14":0,"15":0,"16":0,"17":0,"18":0,"19":0},"f":{"0":0,"1":0},"b":{"0":[1,1]}}
,"/Users/mohammadfaazilzia/Desktop/Sentra AI/backend/src/utils/masking.ts": {"path":"/Users/mohammadfaazilzia/Desktop/Sentra AI/backend/src/utils/masking.ts","statementMap":{"0":{"start":{"line":5,"column":23},"end":{"line":18,"column":1}},"1":{"start":{"line":6,"column":2},"end":{"line":6,"column":23}},"2":{"start":{"line":6,"column":13},"end":{"line":6,"column":23}},"3":{"start":{"line":9,"column":21},"end":{"line":9,"column":77}},"4":{"start":{"line":10,"column":15},"end":{"line":10,"column":50}},"5":{"start":{"line":14,"column":23},"end":{"line":14,"column":45}},"6":{"start":{"line":15,"column":2},"end":{"line":15,"column":50}},"7":{"start":{"line":17,"column":2},"end":{"line":17,"column":16}},"8":{"start":{"line":5,"column":13},"end":{"line":5,"column":23}}},"fnMap":{"0":{"name":"(anonymous_0)","decl":{"start":{"line":5,"column":23},"end":{"line":5,"column":24}},"loc":{"start":{"line":5,"column":55},"end":{"line":18,"column":1}}}},"branchMap":{"0":{"loc":{"start":{"line":6,"column":2},"end":{"line":6,"column":23}},"type":"if","locations":[{"start":{"line":6,"column":2},"end":{"line":6,"column":23}},{"start":{},"end":{}}]}},"s":{"0":1,"1":0,"2":0,"3":0,"4":0,"5":0,"6":0,"7":0,"8":1},"f":{"0":0},"b":{"0":[0,0]}}
}
