TN:
SF:src/services/cache.service.ts
FN:10,(anonymous_1)
FN:13,(anonymous_2)
FN:16,(anonymous_3)
FN:21,(anonymous_4)
FN:42,(anonymous_5)
FNF:5
FNH:1
FNDA:1,(anonymous_1)
FNDA:0,(anonymous_2)
FNDA:0,(anonymous_3)
FNDA:0,(anonymous_4)
FNDA:0,(anonymous_5)
DA:1,1
DA:2,1
DA:4,1
DA:8,1
DA:11,1
DA:13,0
DA:16,1
DA:17,0
DA:22,0
DA:23,0
DA:24,0
DA:25,0
DA:28,0
DA:31,0
DA:33,0
DA:34,0
DA:36,0
DA:39,0
DA:43,0
DA:44,0
DA:46,0
DA:51,1
LF:22
LH:7
BRDA:4,0,0,1
BRDA:4,0,1,1
BRDA:21,1,0,0
BRDA:24,2,0,0
BRDA:24,2,1,0
BRF:5
BRH:2
end_of_record
TN:
SF:src/services/decisionEngine.ts
FN:41,(anonymous_0)
FNF:1
FNH:0
FNDA:0,(anonymous_0)
DA:1,1
DA:2,1
DA:3,1
DA:19,1
DA:30,1
DA:41,1
DA:42,0
DA:43,0
DA:46,0
DA:48,0
DA:49,0
DA:50,0
DA:53,0
DA:54,0
DA:55,0
DA:56,0
DA:58,0
DA:75,0
DA:76,0
DA:79,0
DA:80,0
DA:81,0
DA:82,0
DA:83,0
DA:87,0
DA:88,0
DA:89,0
DA:92,0
DA:93,0
DA:94,0
DA:96,0
DA:97,0
DA:103,0
DA:104,0
DA:105,0
DA:106,0
DA:108,0
DA:111,0
DA:115,0
DA:121,0
LF:40
LH:6
BRDA:41,0,0,0
BRDA:48,1,0,0
BRDA:48,1,1,0
BRDA:50,2,0,0
BRDA:50,2,1,0
BRDA:50,3,0,0
BRDA:50,3,1,0
BRDA:53,4,0,0
BRDA:53,4,1,0
BRDA:62,5,0,0
BRDA:62,5,1,0
BRDA:62,5,2,0
BRDA:63,6,0,0
BRDA:63,6,1,0
BRDA:63,6,2,0
BRDA:64,7,0,0
BRDA:64,7,1,0
BRDA:80,8,0,0
BRDA:80,8,1,0
BRDA:80,9,0,0
BRDA:80,9,1,0
BRDA:87,10,0,0
BRDA:87,10,1,0
BRDA:87,11,0,0
BRDA:87,11,1,0
BRDA:87,11,2,0
BRDA:96,12,0,0
BRDA:96,12,1,0
BRDA:96,12,2,0
BRDA:97,13,0,0
BRDA:97,13,1,0
BRDA:97,13,2,0
BRDA:104,14,0,0
BRDA:104,14,1,0
BRDA:105,15,0,0
BRDA:105,15,1,0
BRDA:105,16,0,0
BRDA:105,16,1,0
BRDA:106,17,0,0
BRDA:106,17,1,0
BRDA:111,18,0,0
BRDA:111,18,1,0
BRDA:111,19,0,0
BRDA:111,19,1,0
BRDA:118,20,0,0
BRDA:118,20,1,0
BRF:46
BRH:0
end_of_record
TN:
SF:src/services/policy.service.ts
FN:7,(anonymous_1)
FN:33,(anonymous_2)
FN:72,(anonymous_3)
FN:81,(anonymous_4)
FN:82,(anonymous_5)
FNF:5
FNH:0
FNDA:0,(anonymous_1)
FNDA:0,(anonymous_2)
FNDA:0,(anonymous_3)
FNDA:0,(anonymous_4)
FNDA:0,(anonymous_5)
DA:1,1
DA:2,1
DA:3,1
DA:7,1
DA:8,0
DA:33,1
DA:34,0
DA:59,0
DA:60,0
DA:69,0
DA:72,1
DA:73,0
DA:79,0
DA:81,0
DA:82,0
DA:84,0
DA:86,0
LF:17
LH:6
BRDA:7,0,0,0
BRDA:41,1,0,0
BRDA:41,1,1,0
BRDA:42,2,0,0
BRDA:42,2,1,0
BRDA:43,3,0,0
BRDA:43,3,1,0
BRDA:44,4,0,0
BRDA:44,4,1,0
BRDA:45,5,0,0
BRDA:45,5,1,0
BRDA:46,6,0,0
BRDA:46,6,1,0
BRDA:47,7,0,0
BRDA:47,7,1,0
BRDA:48,8,0,0
BRDA:48,8,1,0
BRDA:49,9,0,0
BRDA:49,9,1,0
BRDA:50,10,0,0
BRDA:50,10,1,0
BRDA:51,11,0,0
BRDA:51,11,1,0
BRDA:52,12,0,0
BRDA:52,12,1,0
BRDA:53,13,0,0
BRDA:53,13,1,0
BRDA:54,14,0,0
BRDA:54,14,1,0
BRDA:59,15,0,0
BRDA:59,15,1,0
BRDA:79,16,0,0
BRDA:79,16,1,0
BRDA:81,17,0,0
BRDA:81,17,1,0
BRDA:82,18,0,0
BRDA:82,18,1,0
BRF:37
BRH:0
end_of_record
TN:
SF:src/services/policyEngine.ts
FN:13,(anonymous_1)
FN:18,(anonymous_2)
FN:57,(anonymous_3)
FN:69,(anonymous_4)
FNF:4
FNH:0
FNDA:0,(anonymous_1)
FNDA:0,(anonymous_2)
FNDA:0,(anonymous_3)
FNDA:0,(anonymous_4)
DA:1,1
DA:2,1
DA:13,1
DA:14,0
DA:16,0
DA:18,0
DA:19,0
DA:28,0
DA:29,0
DA:33,0
DA:34,0
DA:37,0
DA:38,0
DA:39,0
DA:52,0
DA:53,0
DA:54,0
DA:57,0
DA:58,0
DA:69,0
DA:70,0
DA:80,0
LF:22
LH:3
BRDA:28,0,0,0
BRDA:28,0,1,0
BRDA:33,1,0,0
BRDA:33,1,1,0
BRDA:34,2,0,0
BRDA:34,2,1,0
BRDA:37,3,0,0
BRDA:37,3,1,0
BRDA:37,4,0,0
BRDA:37,4,1,0
BRDA:38,5,0,0
BRDA:38,5,1,0
BRDA:52,6,0,0
BRDA:52,6,1,0
BRDA:53,7,0,0
BRDA:53,7,1,0
BRDA:54,8,0,0
BRDA:54,8,1,0
BRDA:57,9,0,0
BRDA:57,9,1,0
BRDA:69,10,0,0
BRDA:69,10,1,0
BRDA:69,11,0,0
BRDA:69,11,1,0
BRF:24
BRH:0
end_of_record
TN:
SF:src/services/queue.service.ts
FN:20,(anonymous_1)
FN:34,(anonymous_2)
FN:46,(anonymous_3)
FN:50,(anonymous_4)
FN:55,(anonymous_5)
FN:76,(anonymous_6)
FN:109,(anonymous_7)
FN:117,processConnectorScan
FN:304,(anonymous_9)
FN:308,performPIIScan
FN:337,(anonymous_11)
FN:364,(anonymous_12)
FN:374,(anonymous_13)
FNF:13
FNH:2
FNDA:0,(anonymous_1)
FNDA:0,(anonymous_2)
FNDA:0,(anonymous_3)
FNDA:0,(anonymous_4)
FNDA:0,(anonymous_5)
FNDA:0,(anonymous_6)
FNDA:0,(anonymous_7)
FNDA:4,processConnectorScan
FNDA:0,(anonymous_9)
FNDA:3,performPIIScan
FNDA:0,(anonymous_11)
FNDA:0,(anonymous_12)
FNDA:0,(anonymous_13)
DA:1,1
DA:2,1
DA:3,1
DA:4,1
DA:5,1
DA:6,1
DA:7,1
DA:8,1
DA:9,1
DA:10,1
DA:12,1
DA:15,1
DA:16,0
DA:20,0
DA:21,0
DA:25,1
DA:26,1
DA:31,1
DA:32,0
DA:35,0
DA:36,0
DA:37,0
DA:39,0
DA:40,0
DA:46,0
DA:47,0
DA:50,0
DA:51,0
DA:55,1
DA:56,0
DA:57,0
DA:58,0
DA:63,0
DA:65,0
DA:66,0
DA:71,1
DA:73,1
DA:74,0
DA:77,0
DA:78,0
DA:80,0
DA:81,0
DA:84,0
DA:85,0
DA:88,0
DA:89,0
DA:91,0
DA:95,0
DA:99,0
DA:101,0
DA:107,0
DA:110,0
DA:111,0
DA:117,1
DA:118,4
DA:119,4
DA:120,4
DA:123,4
DA:124,4
DA:125,1
DA:126,1
DA:130,1
DA:135,3
DA:136,3
DA:137,3
DA:138,3
DA:140,0
DA:141,0
DA:145,0
DA:148,3
DA:149,3
DA:150,3
DA:151,3
DA:154,3
DA:155,1
DA:156,1
DA:161,1
DA:162,1
DA:163,1
DA:165,1
DA:166,1
DA:167,1
DA:168,1
DA:173,1
DA:174,1
DA:175,1
DA:177,1
DA:178,1
DA:179,1
DA:185,1
DA:192,2
DA:193,1
DA:194,1
DA:200,1
DA:202,1
DA:206,1
DA:208,1
DA:209,1
DA:210,1
DA:211,1
DA:212,1
DA:213,1
DA:214,0
DA:218,0
DA:220,1
DA:224,1
DA:226,1
DA:228,0
DA:229,0
DA:232,1
DA:233,1
DA:234,1
DA:240,1
DA:247,1
DA:248,1
DA:249,1
DA:251,1
DA:252,1
DA:254,1
DA:255,1
DA:256,1
DA:258,1
DA:259,1
DA:260,1
DA:261,1
DA:263,1
DA:264,1
DA:265,1
DA:271,1
DA:274,1
DA:279,3
DA:280,3
DA:294,3
DA:296,0
DA:297,0
DA:309,3
DA:310,3
DA:311,12
DA:312,3
DA:313,3
DA:333,3
DA:337,1
DA:338,0
DA:339,0
DA:340,0
DA:343,0
DA:345,0
DA:352,0
DA:358,0
DA:360,0
DA:364,1
DA:365,0
DA:367,0
DA:374,1
DA:375,0
DA:376,0
DA:378,0
DA:379,0
LF:158
LH:100
BRDA:15,0,0,0
BRDA:15,0,1,1
BRDA:25,1,0,0
BRDA:25,1,1,1
BRDA:26,2,0,0
BRDA:26,2,1,1
BRDA:31,3,0,0
BRDA:31,3,1,1
BRDA:57,4,0,0
BRDA:57,4,1,0
BRDA:71,5,0,0
BRDA:71,5,1,1
BRDA:73,6,0,0
BRDA:73,6,1,1
BRDA:80,7,0,0
BRDA:80,7,1,0
BRDA:120,8,0,0
BRDA:120,8,1,4
BRDA:123,9,0,4
BRDA:123,9,1,0
BRDA:124,10,0,1
BRDA:124,10,1,3
BRDA:124,11,0,4
BRDA:124,11,1,4
BRDA:136,12,0,3
BRDA:136,12,1,0
BRDA:137,13,0,0
BRDA:137,13,1,3
BRDA:154,14,0,1
BRDA:154,14,1,2
BRDA:157,15,0,1
BRDA:157,15,1,0
BRDA:165,16,0,1
BRDA:165,16,1,0
BRDA:167,17,0,0
BRDA:167,17,1,1
BRDA:177,18,0,1
BRDA:177,18,1,0
BRDA:192,19,0,1
BRDA:192,19,1,1
BRDA:197,20,0,1
BRDA:197,20,1,0
BRDA:198,21,0,1
BRDA:198,21,1,1
BRDA:208,22,0,1
BRDA:208,22,1,0
BRDA:210,23,0,0
BRDA:210,23,1,1
BRDA:213,24,0,0
BRDA:213,24,1,1
BRDA:218,25,0,0
BRDA:218,25,1,0
BRDA:224,26,0,1
BRDA:224,26,1,0
BRDA:232,27,0,1
BRDA:232,27,1,0
BRDA:237,28,0,1
BRDA:237,28,1,0
BRDA:247,29,0,1
BRDA:247,29,1,0
BRDA:288,30,0,3
BRDA:288,30,1,0
BRDA:311,31,0,3
BRDA:311,31,1,9
BRDA:338,32,0,0
BRDA:338,32,1,0
BRDA:364,33,0,0
BRDA:365,34,0,0
BRDA:365,34,1,0
BRDA:369,35,0,0
BRDA:369,35,1,0
BRDA:370,36,0,0
BRDA:370,36,1,0
BRDA:376,37,0,0
BRDA:376,37,1,0
BRF:75
BRH:35
end_of_record
TN:
SF:src/services/riskEngine.ts
FN:33,(anonymous_0)
FN:50,(anonymous_1)
FN:65,(anonymous_2)
FNF:3
FNH:0
FNDA:0,(anonymous_0)
FNDA:0,(anonymous_1)
FNDA:0,(anonymous_2)
DA:1,1
DA:8,1
DA:12,1
DA:16,1
DA:25,1
DA:33,1
DA:34,0
DA:35,0
DA:36,0
DA:37,0
DA:38,0
DA:41,0
DA:42,0
DA:43,0
DA:44,0
DA:45,0
DA:46,0
DA:50,0
DA:51,0
DA:52,0
DA:53,0
DA:57,0
DA:58,0
DA:59,0
DA:60,0
DA:65,0
DA:66,0
DA:67,0
DA:68,0
DA:72,0
DA:73,0
DA:74,0
DA:77,0
LF:33
LH:6
BRDA:33,0,0,0
BRDA:38,1,0,0
BRDA:38,1,1,0
BRDA:41,2,0,0
BRDA:41,2,1,0
BRDA:44,3,0,0
BRDA:44,3,1,0
BRDA:51,4,0,0
BRDA:51,4,1,0
BRDA:52,5,0,0
BRDA:52,5,1,0
BRDA:58,6,0,0
BRDA:58,6,1,0
BRDA:66,7,0,0
BRDA:66,7,1,0
BRDA:72,8,0,0
BRDA:72,8,1,0
BRDA:72,9,0,0
BRDA:72,9,1,0
BRF:19
BRH:0
end_of_record
TN:
SF:src/utils/encryption.ts
FN:7,encrypt
FN:19,decrypt
FNF:2
FNH:0
FNDA:0,encrypt
FNDA:0,decrypt
DA:1,1
DA:3,1
DA:4,1
DA:5,1
DA:7,1
DA:8,0
DA:9,0
DA:11,0
DA:12,0
DA:14,0
DA:16,0
DA:19,1
DA:20,0
DA:22,0
DA:23,0
DA:24,0
DA:26,0
DA:28,0
DA:29,0
DA:31,0
LF:20
LH:6
BRDA:4,0,0,1
BRDA:4,0,1,1
BRF:2
BRH:2
end_of_record
TN:
SF:src/utils/masking.ts
FN:5,(anonymous_0)
FNF:1
FNH:0
FNDA:0,(anonymous_0)
DA:5,1
DA:6,0
DA:9,0
DA:10,0
DA:14,0
DA:15,0
DA:17,0
LF:7
LH:1
BRDA:6,0,0,0
BRDA:6,0,1,0
BRF:2
BRH:0
end_of_record
